<?xml version="1.0" encoding="UTF-8"?>
<!-- Generated by org.testng.reporters.JUnitReportReporter -->
<testsuite hostname="DESKTOP-1G2T9KL" failures="0" tests="1" name="com.tests.TekarchCrud" time="3.476" errors="0" timestamp="2022-06-10T21:32:07 PDT" skipped="0">
  <testcase classname="com.tests.TekarchCrud" name="LoginToApp" time="3.476"/>
  <system-out/>
</testsuite> <!-- com.tests.TekarchCrud -->
